\BOOKMARK [0][]{chapter.1}{\376\377\000\332\000v\000o\000d}{}% 1
\BOOKMARK [0][]{chapter.2}{\376\377\000\332\000v\000o\000d}{}% 2
\BOOKMARK [0][]{chapter.3}{\376\377\000J\000E\000C\000\040\000J\000o\000i\000n\000t\000\040\000E\000q\000u\000a\000l\000\040\000C\000o\000n\000t\000r\000i\000b\000u\000t\000i\000o\000n}{}% 3
\BOOKMARK [1][]{section.3.1}{\376\377\000P\001\131\000\355\000z\000n\000a\000k\000y}{chapter.3}% 4
\BOOKMARK [2][]{subsection.3.1.1}{\376\377\000B\000a\000r\000v\000a}{section.3.1}% 5
\BOOKMARK [2][]{subsection.3.1.2}{\376\377\000t\000e\000x\000t\000u\000r\000a}{section.3.1}% 6
\BOOKMARK [1][]{section.3.2}{\376\377\000V\000z\000d\000\341\000l\000e\000n\000o\000s\000t\000i}{chapter.3}% 7
\BOOKMARK [1][]{section.3.3}{\376\377\000K\000o\000m\000b\000i\000n\000a\000c\000e\000\040\000v\000z\000d\000\341\000l\000e\000n\000o\000s\000t\000\355}{chapter.3}% 8
\BOOKMARK [1][]{section.3.4}{\376\377\000P\001\131\000e\000n\000e\000s\000e\000n\000\355\000\040\000k\000l\000\355\001\015\000o\000v\000\375\000c\000h\000\040\000s\000l\000o\000v}{chapter.3}% 9
\BOOKMARK [0][]{chapter.4}{\376\377\000T\000e\000s\000t\000o\000v\000a\000c\000\355\000\040\000d\000a\000t\000a\000b\000\341\000z\000e}{}% 10
\BOOKMARK [1][]{section.4.1}{\376\377\000i\000a\000p\000r\000t\000c\0001\0002}{chapter.4}% 11
\BOOKMARK [1][]{section.4.2}{\376\377\001\014\000T\000K}{chapter.4}% 12
\BOOKMARK [1][]{section.4.3}{\376\377\000E\000S\000P}{chapter.4}% 13
\BOOKMARK [0][]{chapter.5}{\376\377\000N\000\341\000v\000r\000h\000\040\000s\000y\000s\000t\000\351\000m\000u}{}% 14
\BOOKMARK [0][]{chapter.6}{\376\377\000P\000o\000u\001\176\000i\000t\000\351\000\040\000p\000r\000o\000g\000r\000a\000m\000o\000v\000\351\000\040\000p\000r\000o\000s\000t\001\131\000e\000d\000k\000y}{}% 15
\BOOKMARK [1][]{section.6.1}{\376\377\000O\000p\000e\000n\000C\000V}{chapter.6}% 16
\BOOKMARK [0][]{chapter.7}{\376\377\000V\000y\000h\000o\000d\000n\000o\000c\000e\000n\000\355\000\040\000v\000\375\000s\000l\000e\000d\000k\001\157}{}% 17
\BOOKMARK [0][]{chapter.8}{\376\377\000Z\000\341\000v\001\033\000r}{}% 18
\BOOKMARK [0][]{chapter.9}{\376\377\000U\001\176\000i\000v\000a\000t\000e\000l\000s\000k\000\341\000\040\000d\000o\000k\000u\000m\000e\000n\000t\000a\000c\000e}{}% 19
\BOOKMARK [0][]{chapter*.6}{\376\377\000L\000i\000t\000e\000r\000a\000t\000u\000r\000a}{}% 20
